(1720538774.640914) can0 425#0000
(1720538774.641041) can0 080#3D07
(1720538774.651546) can0 425#0000
(1720538774.651681) can0 080#3D07
(1720538774.660939) can0 425#0000
(1720538774.661041) can0 080#3D07
(1720538774.671547) can0 425#0000
(1720538774.671683) can0 080#3D07
(1720538774.680915) can0 425#0000
(1720538774.681042) can0 080#3D07
(1720538774.691524) can0 425#0000
(1720538774.691681) can0 080#3D07
(1720538774.700939) can0 425#0000
(1720538774.701042) can0 080#3C07
(1720538774.711524) can0 425#0000
(1720538774.711682) can0 080#3C07
(1720538774.720919) can0 425#0000
(1720538774.721044) can0 080#3D07
(1720538774.731638) can0 425#0000
(1720538774.731670) can0 080#3D07
(1720538774.741003) can0 425#0000
(1720538774.741036) can0 080#3D07
(1720538774.751617) can0 425#0000
(1720538774.751658) can0 080#3D07
(1720538774.760938) can0 425#0000
(1720538774.761043) can0 080#3B07
(1720538774.771482) can0 425#0000
(1720538774.771683) can0 080#3B07
(1720538774.780916) can0 425#0000
(1720538774.781043) can0 080#3D07
(1720538774.791526) can0 425#0000
(1720538774.791684) can0 080#3D07
(1720538774.800919) can0 425#0000
(1720538774.801045) can0 080#3D07
(1720538774.811534) can0 425#0000
(1720538774.811684) can0 080#3D07
(1720538774.820917) can0 425#0000
(1720538774.821045) can0 080#3E07
(1720538774.831551) can0 425#0000
(1720538774.831599) can0 080#3E07
(1720538774.840917) can0 425#0000
(1720538774.841045) can0 080#3D07
(1720538774.851527) can0 425#0000
(1720538774.851684) can0 080#3D07
(1720538774.860940) can0 425#0000
(1720538774.861045) can0 080#3D07
(1720538774.871533) can0 425#0000
(1720538774.871685) can0 080#3D07
(1720538774.880941) can0 425#0000
(1720538774.881047) can0 080#3207
(1720538774.891531) can0 425#0000
(1720538774.891640) can0 080#3207
(1720538774.900942) can0 425#0000
(1720538774.901046) can0 080#3C07
(1720538774.911531) can0 425#0000
(1720538774.911687) can0 080#3C07
(1720538774.920920) can0 425#0000
(1720538774.921047) can0 080#3C07
(1720538774.931582) can0 425#0000
(1720538774.931686) can0 080#3C07
(1720538774.940922) can0 425#0000
(1720538774.941048) can0 080#3C07
(1720538774.951552) can0 425#0000
(1720538774.951687) can0 080#3C07
(1720538774.960923) can0 425#0000
(1720538774.961050) can0 080#3E07
(1720538774.971548) can0 425#0000
(1720538774.971687) can0 080#3E07
(1720538774.980925) can0 425#0000
(1720538774.981049) can0 080#3B07
(1720538774.991615) can0 425#0000
(1720538774.991647) can0 080#3B07
(1720538775.000923) can0 425#0000
(1720538775.001049) can0 080#3C07
(1720538775.011627) can0 425#0000
(1720538775.011788) can0 080#3C07
(1720538775.021068) can0 425#0000
(1720538775.021108) can0 080#3C07
(1720538775.031536) can0 425#0000
(1720538775.031690) can0 080#3C07
(1720538775.041023) can0 425#0000
(1720538775.041061) can0 080#3C07
(1720538775.051536) can0 425#0000
(1720538775.051690) can0 080#3C07
(1720538775.061007) can0 425#0000
(1720538775.061046) can0 080#3B07
(1720538775.071534) can0 425#0000
(1720538775.071690) can0 080#3B07
(1720538775.080958) can0 425#0000
(1720538775.081054) can0 080#3D07
(1720538775.091617) can0 425#0000
(1720538775.091659) can0 080#3D07
(1720538775.100925) can0 425#0000
(1720538775.101053) can0 080#3D07
(1720538775.111615) can0 425#0000
(1720538775.111658) can0 080#3D07
(1720538775.120946) can0 425#0000
(1720538775.121052) can0 080#3C07
(1720538775.131589) can0 425#0000
(1720538775.131686) can0 080#3C07
(1720538775.140931) can0 425#0000
(1720538775.141055) can0 080#3D07
(1720538775.151587) can0 425#0000
(1720538775.151692) can0 080#3D07
(1720538775.161028) can0 425#0000
(1720538775.161079) can0 080#3C07
(1720538775.171619) can0 425#0000
(1720538775.171676) can0 080#3C07
(1720538775.180992) can0 425#0000
(1720538775.181035) can0 080#3E07
(1720538775.191692) can0 425#0000
(1720538775.191724) can0 080#3E07
(1720538775.201038) can0 425#0000
(1720538775.201070) can0 080#3D07
(1720538775.211512) can0 425#0000
(1720538775.211693) can0 080#3D07
(1720538775.220930) can0 425#0000
(1720538775.221053) can0 080#3107
(1720538775.231494) can0 425#0000
(1720538775.231694) can0 080#3107
(1720538775.240930) can0 425#0000
(1720538775.241056) can0 080#3B07
(1720538775.251493) can0 425#0000
(1720538775.251648) can0 080#3B07
(1720538775.260921) can0 425#0000
(1720538775.261068) can0 080#3D07
(1720538775.271549) can0 425#0000
(1720538775.271694) can0 080#3D07
(1720538775.280951) can0 425#0000
(1720538775.281068) can0 080#3D07
(1720538775.291546) can0 425#0000
(1720538775.291649) can0 080#3D07
(1720538775.300971) can0 425#0000
(1720538775.301116) can0 080#4007
(1720538775.311572) can0 425#0000
(1720538775.311696) can0 080#4007
(1720538775.320976) can0 425#0000
(1720538775.321058) can0 080#3D07
(1720538775.331611) can0 425#0000
(1720538775.331669) can0 080#3D07
(1720538775.340988) can0 425#0000
(1720538775.341029) can0 080#3E07
(1720538775.351533) can0 425#0000
(1720538775.351696) can0 080#3E07
(1720538775.360959) can0 425#0000
(1720538775.361072) can0 080#3C07
(1720538775.371495) can0 425#0000
(1720538775.371651) can0 080#3C07
(1720538775.380920) can0 425#0000
(1720538775.381069) can0 080#3E07
(1720538775.391564) can0 425#0000
(1720538775.391640) can0 080#3E07
(1720538775.400920) can0 425#0000
(1720538775.401070) can0 080#3E07
(1720538775.411623) can0 425#0000
(1720538775.411656) can0 080#3E07
(1720538775.420925) can0 425#0000
(1720538775.421071) can0 080#3D07
(1720538775.431654) can0 425#0000
(1720538775.431688) can0 080#3D07
(1720538775.441037) can0 425#0000
(1720538775.441070) can0 080#3D07
(1720538775.451582) can0 425#0000
(1720538775.451727) can0 080#3D07
(1720538775.460924) can0 425#0000
(1720538775.461071) can0 080#3D07
(1720538775.471667) can0 425#0000
(1720538775.471677) can0 080#3D07
(1720538775.480922) can0 425#0000
(1720538775.481071) can0 080#3F07
(1720538775.491542) can0 425#0000
(1720538775.491774) can0 080#3F07
(1720538775.500953) can0 425#0000
(1720538775.501072) can0 080#3D07
(1720538775.511544) can0 425#0000
(1720538775.511699) can0 080#3D07
(1720538775.520952) can0 425#0000
(1720538775.521072) can0 080#3F07
(1720538775.531519) can0 425#0000
(1720538775.531654) can0 080#3F07
(1720538775.540927) can0 425#0000
(1720538775.541073) can0 080#3D07
(1720538775.551547) can0 425#0000
(1720538775.551701) can0 080#3D07
(1720538775.560925) can0 425#0000
(1720538775.561073) can0 080#3A07
(1720538775.571502) can0 425#0000
(1720538775.571701) can0 080#3A07
(1720538775.581001) can0 425#0000
(1720538775.581058) can0 080#3D07
(1720538775.591520) can0 425#0000
(1720538775.591701) can0 080#3D07
(1720538775.600927) can0 425#0000
(1720538775.601075) can0 080#3E07
(1720538775.611521) can0 425#0000
(1720538775.611700) can0 080#3E07
(1720538775.620928) can0 425#0000
(1720538775.621075) can0 080#3D07
(1720538775.631524) can0 425#0000
(1720538775.631656) can0 080#3D07
(1720538775.640927) can0 425#0000
(1720538775.641076) can0 080#3D07
(1720538775.651502) can0 425#0000
(1720538775.651706) can0 080#3D07
(1720538775.660926) can0 425#0000
(1720538775.661075) can0 080#3D07
(1720538775.671548) can0 425#0000
(1720538775.671703) can0 080#3D07
(1720538775.680963) can0 425#0000
(1720538775.681075) can0 080#3D07
(1720538775.691504) can0 425#0000
(1720538775.691683) can0 080#3D07
(1720538775.700959) can0 425#0000
(1720538775.701076) can0 080#3F07
(1720538775.711565) can0 425#0000
(1720538775.711704) can0 080#3F07
(1720538775.720961) can0 425#0000
(1720538775.721076) can0 080#3F07
(1720538775.731505) can0 425#0000
(1720538775.731659) can0 080#3F07
(1720538775.740962) can0 425#0000
(1720538775.741077) can0 080#3D07
(1720538775.751524) can0 425#0000
(1720538775.751658) can0 080#3D07
(1720538775.760969) can0 425#0000
(1720538775.761079) can0 080#3B07
(1720538775.771524) can0 425#0000
(1720538775.771705) can0 080#3B07
(1720538775.780968) can0 425#0000
(1720538775.781079) can0 080#3D07
(1720538775.791538) can0 425#0000
(1720538775.791660) can0 080#3D07
(1720538775.800933) can0 425#0000
(1720538775.801079) can0 080#3D07
(1720538775.811506) can0 425#0000
(1720538775.811705) can0 080#3D07
(1720538775.820931) can0 425#0000
(1720538775.821079) can0 080#3D07
(1720538775.831580) can0 425#0000
(1720538775.831706) can0 080#3D07
(1720538775.840964) can0 425#0000
(1720538775.841080) can0 080#3D07
(1720538775.851505) can0 425#0000
(1720538775.851707) can0 080#3D07
(1720538775.860933) can0 425#0000
(1720538775.861080) can0 080#3D07
(1720538775.871538) can0 425#0000
(1720538775.871662) can0 080#3D07
(1720538775.880967) can0 425#0000
(1720538775.881081) can0 080#3807
(1720538775.891512) can0 425#0000
(1720538775.891662) can0 080#3807
(1720538775.900975) can0 425#0000
(1720538775.901078) can0 080#3C07
(1720538775.911539) can0 425#0000
(1720538775.911663) can0 080#3C07
(1720538775.920971) can0 425#0000
(1720538775.921084) can0 080#3C07
(1720538775.931508) can0 425#0000
(1720538775.931662) can0 080#3C07
(1720538775.940965) can0 425#0000
(1720538775.941082) can0 080#3C07
(1720538775.951502) can0 425#0000
(1720538775.951708) can0 080#3C07
(1720538775.960966) can0 425#0000
(1720538775.961083) can0 080#3C07
(1720538775.971542) can0 425#0000
(1720538775.971664) can0 080#3C07
(1720538775.980975) can0 425#0000
(1720538775.981083) can0 080#3C07
(1720538775.991556) can0 425#0000
(1720538775.991710) can0 080#3C07
(1720538776.000968) can0 425#0000
(1720538776.001083) can0 080#3D07
(1720538776.011512) can0 425#0000
(1720538776.011710) can0 080#3D07
(1720538776.020936) can0 425#0000
(1720538776.021083) can0 080#3C07
(1720538776.031512) can0 425#0000
(1720538776.031665) can0 080#3C07
(1720538776.040935) can0 425#0000
(1720538776.041084) can0 080#3D07
(1720538776.051512) can0 425#0000
(1720538776.051712) can0 080#3D07
(1720538776.060936) can0 425#0000
(1720538776.061084) can0 080#3A07
(1720538776.071513) can0 425#0000
(1720538776.071666) can0 080#3A07
(1720538776.080943) can0 425#0000
(1720538776.081086) can0 080#3D07
(1720538776.091533) can0 425#0000
(1720538776.091713) can0 080#3D07
(1720538776.100937) can0 425#0000
(1720538776.101088) can0 080#3C07
(1720538776.111511) can0 425#0000
(1720538776.111666) can0 080#3C07
(1720538776.120938) can0 425#0000
(1720538776.121086) can0 080#3C07
(1720538776.131504) can0 425#0000
(1720538776.131667) can0 080#3C07
(1720538776.140940) can0 425#0000
(1720538776.141086) can0 080#3D07
(1720538776.151511) can0 425#0000
(1720538776.151667) can0 080#3D07
(1720538776.160967) can0 425#0000
(1720538776.161086) can0 080#3E07
(1720538776.171512) can0 425#0000
(1720538776.171667) can0 080#3E07
(1720538776.180969) can0 425#0000
(1720538776.181086) can0 080#3E07
(1720538776.191532) can0 425#0000
(1720538776.191714) can0 080#3E07
(1720538776.200937) can0 425#0000
(1720538776.201086) can0 080#3E07
(1720538776.211519) can0 425#0000
(1720538776.211716) can0 080#3E07
(1720538776.220939) can0 425#0000
(1720538776.221087) can0 080#2F07
(1720538776.231546) can0 425#0000
(1720538776.231669) can0 080#2F07
(1720538776.240974) can0 425#0000
(1720538776.241088) can0 080#3C07
(1720538776.251514) can0 425#0000
(1720538776.251671) can0 080#3C07
(1720538776.260971) can0 425#0000
(1720538776.261088) can0 080#3C07
(1720538776.271520) can0 425#0000
(1720538776.271670) can0 080#3C07
(1720538776.280941) can0 425#0000
(1720538776.281089) can0 080#3C07
(1720538776.291514) can0 425#0000
(1720538776.291670) can0 080#3C07
(1720538776.300942) can0 425#0000
(1720538776.301089) can0 080#3E07
(1720538776.311534) can0 425#0000
(1720538776.311670) can0 080#3E07
(1720538776.320938) can0 425#0000
(1720538776.321090) can0 080#3D07
(1720538776.331580) can0 425#0000
(1720538776.331659) can0 080#3D07
(1720538776.340973) can0 425#0000
(1720538776.341090) can0 080#3C07
(1720538776.351597) can0 425#0000
(1720538776.351638) can0 080#3C07
(1720538776.361036) can0 425#0000
(1720538776.361068) can0 080#3D07
(1720538776.371519) can0 425#0000
(1720538776.371673) can0 080#3D07
(1720538776.380973) can0 425#0000
(1720538776.381091) can0 080#3C07
(1720538776.391548) can0 425#0000
(1720538776.391673) can0 080#3C07
(1720538776.400944) can0 425#0000
(1720538776.401091) can0 080#3E07
(1720538776.411552) can0 425#0000
(1720538776.411723) can0 080#3E07
(1720538776.420963) can0 425#0000
(1720538776.421093) can0 080#3C07
(1720538776.431539) can0 425#0000
(1720538776.431673) can0 080#3C07
(1720538776.440945) can0 425#0000
(1720538776.441093) can0 080#3E07
(1720538776.451539) can0 425#0000
(1720538776.451721) can0 080#3E07
(1720538776.460945) can0 425#0000
(1720538776.461093) can0 080#3C07
(1720538776.471519) can0 425#0000
(1720538776.471675) can0 080#3C07
(1720538776.480978) can0 425#0000
(1720538776.481095) can0 080#3D07
(1720538776.491519) can0 425#0000
(1720538776.491675) can0 080#3D07
(1720538776.501059) can0 425#0000
(1720538776.501066) can0 080#3D07
(1720538776.511520) can0 425#0000
(1720538776.511720) can0 080#3D07
(1720538776.520976) can0 425#0000
(1720538776.521094) can0 080#3C07
(1720538776.531540) can0 425#0000
(1720538776.531710) can0 080#3C07
(1720538776.540956) can0 425#0000
(1720538776.541094) can0 080#3C07
(1720538776.551520) can0 425#0000
(1720538776.551676) can0 080#3C07
(1720538776.560975) can0 425#0000
(1720538776.561094) can0 080#3907
(1720538776.571523) can0 425#0000
(1720538776.571664) can0 080#3907
(1720538776.580988) can0 425#0000
(1720538776.581095) can0 080#3D07
(1720538776.591526) can0 425#0000
(1720538776.591664) can0 080#3D07
(1720538776.600958) can0 425#0000
(1720538776.601096) can0 080#3E07
(1720538776.611542) can0 425#0000
(1720538776.611710) can0 080#3E07
(1720538776.620978) can0 425#0000
(1720538776.621097) can0 080#3D07
(1720538776.631563) can0 425#0000
(1720538776.631665) can0 080#3D07
(1720538776.640958) can0 425#0000
(1720538776.641098) can0 080#3D07
(1720538776.651523) can0 425#0000
(1720538776.651670) can0 080#3D07
(1720538776.661010) can0 425#0000
(1720538776.661086) can0 080#3D07
(1720538776.671522) can0 425#0000
(1720538776.671666) can0 080#3D07
(1720538776.680980) can0 425#0000
(1720538776.681098) can0 080#3D07
(1720538776.691523) can0 425#0000
(1720538776.691667) can0 080#3D07
(1720538776.700979) can0 425#0000
(1720538776.701098) can0 080#3C07
(1720538776.711557) can0 425#0000
(1720538776.711667) can0 080#3C07
(1720538776.721011) can0 425#0000
(1720538776.721067) can0 080#3D07
(1720538776.731525) can0 425#0000
(1720538776.731668) can0 080#3D07
(1720538776.740962) can0 425#0000
(1720538776.741100) can0 080#3E07
(1720538776.751544) can0 425#0000
(1720538776.751715) can0 080#3E07
(1720538776.760959) can0 425#0000
(1720538776.761099) can0 080#3C07
(1720538776.771525) can0 425#0000
(1720538776.771668) can0 080#3C07
(1720538776.780961) can0 425#0000
(1720538776.781099) can0 080#3D07
(1720538776.791522) can0 425#0000
(1720538776.791668) can0 080#3D07
(1720538776.800961) can0 425#0000
(1720538776.801100) can0 080#3D07
(1720538776.811522) can0 425#0000
(1720538776.811669) can0 080#3D07
(1720538776.820982) can0 425#0000
(1720538776.821101) can0 080#3C07
(1720538776.831549) can0 425#0000
(1720538776.831670) can0 080#3C07
(1720538776.840960) can0 425#0000
(1720538776.841121) can0 080#3D07
(1720538776.851524) can0 425#0000
(1720538776.851670) can0 080#3D07
(1720538776.860979) can0 425#0000
(1720538776.861102) can0 080#3D07
(1720538776.871526) can0 425#0000
(1720538776.871674) can0 080#3D07
(1720538776.880969) can0 425#0000
(1720538776.881101) can0 080#3C07
(1720538776.891541) can0 425#0000
(1720538776.891671) can0 080#3C07
(1720538776.900964) can0 425#0000
(1720538776.901102) can0 080#3D07
(1720538776.911513) can0 425#0000
(1720538776.911671) can0 080#3D07
(1720538776.920961) can0 425#0000
(1720538776.921103) can0 080#3D07
(1720538776.931528) can0 425#0000
(1720538776.931671) can0 080#3D07
(1720538776.940963) can0 425#0000
(1720538776.941102) can0 080#3D07
(1720538776.951550) can0 425#0000
(1720538776.951672) can0 080#3D07
(1720538776.961017) can0 425#0000
(1720538776.961103) can0 080#3E07
(1720538776.971581) can0 425#0000
(1720538776.971675) can0 080#3E07
(1720538776.980968) can0 425#0000
(1720538776.981105) can0 080#3F07
(1720538776.991553) can0 425#0000
(1720538776.991673) can0 080#3F07
(1720538777.000969) can0 425#0000
(1720538777.001104) can0 080#3E07
(1720538777.011529) can0 425#0000
(1720538777.011673) can0 080#3E07
(1720538777.020987) can0 425#0000
(1720538777.021104) can0 080#3D07
(1720538777.031551) can0 425#0000
(1720538777.031673) can0 080#3D07
(1720538777.040965) can0 425#0000
(1720538777.041105) can0 080#3C07
(1720538777.051555) can0 425#0000
(1720538777.051674) can0 080#3C07
(1720538777.060987) can0 425#0000
(1720538777.061106) can0 080#3D07
(1720538777.071531) can0 425#0000
(1720538777.071675) can0 080#3D07
(1720538777.081022) can0 425#0000
(1720538777.081083) can0 080#3E07
(1720538777.091536) can0 425#0000
(1720538777.091675) can0 080#3E07
(1720538777.100966) can0 425#0000
(1720538777.101107) can0 080#3F07
(1720538777.111530) can0 425#0000
(1720538777.111675) can0 080#3F07
(1720538777.120967) can0 425#0000
(1720538777.121108) can0 080#3D07
(1720538777.131552) can0 425#0000
(1720538777.131676) can0 080#3D07
(1720538777.140967) can0 425#0000
(1720538777.141107) can0 080#3D07
(1720538777.151552) can0 425#0000
(1720538777.151676) can0 080#3D07
(1720538777.160986) can0 425#0000
(1720538777.161107) can0 080#3E07
(1720538777.171532) can0 425#0000
(1720538777.171677) can0 080#3E07
(1720538777.180969) can0 425#0000
(1720538777.181108) can0 080#3E07
(1720538777.191534) can0 425#0000
(1720538777.191677) can0 080#3E07
(1720538777.200969) can0 425#0000
(1720538777.201110) can0 080#3E07
(1720538777.211531) can0 425#0000
(1720538777.211677) can0 080#3E07
(1720538777.220973) can0 425#0000
(1720538777.221108) can0 080#3007
(1720538777.231553) can0 425#0000
(1720538777.231688) can0 080#3007
(1720538777.240988) can0 425#0000
(1720538777.241109) can0 080#3D07
(1720538777.251534) can0 425#0000
(1720538777.251678) can0 080#3D07
(1720538777.260968) can0 425#0000
(1720538777.261110) can0 080#3D07
(1720538777.271532) can0 425#0000
(1720538777.271679) can0 080#3D07
(1720538777.280972) can0 425#0000
(1720538777.281111) can0 080#3F07
(1720538777.291537) can0 425#0000
(1720538777.291679) can0 080#3F07
(1720538777.301038) can0 425#0000
(1720538777.301088) can0 080#3D07
(1720538777.311554) can0 425#0000
(1720538777.311679) can0 080#3D07
(1720538777.320990) can0 425#0000
(1720538777.321111) can0 080#3D07
(1720538777.331539) can0 425#0000
(1720538777.331681) can0 080#3D07
(1720538777.340973) can0 425#0000
(1720538777.341111) can0 080#3D07
(1720538777.351535) can0 425#0000
(1720538777.351680) can0 080#3D07
(1720538777.361032) can0 425#0000
(1720538777.361112) can0 080#3E07
(1720538777.371537) can0 425#0000
(1720538777.371681) can0 080#3E07
(1720538777.380974) can0 425#0000
(1720538777.381113) can0 080#3D07
(1720538777.391540) can0 425#0000
(1720538777.391681) can0 080#3D07
(1720538777.400977) can0 425#0000
(1720538777.401114) can0 080#4007
(1720538777.411539) can0 425#0000
(1720538777.411685) can0 080#4007
(1720538777.420994) can0 425#0000
(1720538777.421113) can0 080#3D07
(1720538777.431563) can0 425#0000
(1720538777.431682) can0 080#3D07
(1720538777.440974) can0 425#0000
(1720538777.441113) can0 080#3D07
(1720538777.451539) can0 425#0000
(1720538777.451683) can0 080#3D07
(1720538777.461046) can0 425#0000
(1720538777.461094) can0 080#3D07
(1720538777.471542) can0 425#0000
(1720538777.471683) can0 080#3D07
(1720538777.480997) can0 425#0000
(1720538777.481114) can0 080#3F07
(1720538777.491595) can0 425#0000
(1720538777.491684) can0 080#3F07
(1720538777.500976) can0 425#0000
(1720538777.501115) can0 080#3E07
(1720538777.511575) can0 425#0000
(1720538777.511684) can0 080#3E07
(1720538777.520976) can0 425#0000
(1720538777.521115) can0 080#3D07
(1720538777.531542) can0 425#0000
(1720538777.531687) can0 080#3D07
(1720538777.540975) can0 425#0000
(1720538777.541116) can0 080#3E07
(1720538777.551540) can0 425#0000
(1720538777.551685) can0 080#3E07
(1720538777.560976) can0 425#0000
(1720538777.561116) can0 080#3807
(1720538777.571562) can0 425#0000
(1720538777.571686) can0 080#3807
(1720538777.581034) can0 425#0000
(1720538777.581085) can0 080#3E07
(1720538777.591543) can0 425#0000
(1720538777.591686) can0 080#3E07
(1720538777.600980) can0 425#0000
(1720538777.601117) can0 080#3D07
(1720538777.611542) can0 425#0000
(1720538777.611686) can0 080#3D07
(1720538777.620978) can0 425#0000
(1720538777.621117) can0 080#3C07
(1720538777.631562) can0 425#0000
(1720538777.631687) can0 080#3C07
(1720538777.640977) can0 425#0000
(1720538777.641117) can0 080#3C07
(1720538777.651563) can0 425#0000
(1720538777.651687) can0 080#3C07
(1720538777.660979) can0 425#0000
(1720538777.661118) can0 080#3E07
(1720538777.671540) can0 425#0000
(1720538777.671688) can0 080#3E07
(1720538777.680981) can0 425#0000
(1720538777.681118) can0 080#3B07
(1720538777.691545) can0 425#0000
(1720538777.691688) can0 080#3B07
(1720538777.700985) can0 425#0000
(1720538777.701119) can0 080#3C07
(1720538777.711541) can0 425#0000
(1720538777.711689) can0 080#3C07
(1720538777.721001) can0 425#0000
(1720538777.721120) can0 080#3D07
(1720538777.731565) can0 425#0000
(1720538777.731689) can0 080#3D07
(1720538777.740980) can0 425#0000
(1720538777.741120) can0 080#3D07
(1720538777.751559) can0 425#0000
(1720538777.751689) can0 080#3D07
(1720538777.761008) can0 425#0000
(1720538777.761121) can0 080#3D07
(1720538777.771566) can0 425#0000
(1720538777.771689) can0 080#3D07
(1720538777.780982) can0 425#0000
(1720538777.781121) can0 080#3E07
(1720538777.791547) can0 425#0000
(1720538777.791690) can0 080#3E07
(1720538777.800984) can0 425#0000
(1720538777.801121) can0 080#3D07
(1720538777.811570) can0 425#0000
(1720538777.811703) can0 080#3D07
(1720538777.821005) can0 425#0000
(1720538777.821122) can0 080#3C07
(1720538777.831694) can0 425#0000
(1720538777.831733) can0 080#3C07
(1720538777.840984) can0 425#0000
(1720538777.841122) can0 080#3E07
(1720538777.851609) can0 425#0000
(1720538777.851700) can0 080#3E07
(1720538777.860983) can0 425#0000
(1720538777.861123) can0 080#3E07
(1720538777.871613) can0 425#0000
(1720538777.871693) can0 080#3E07
(1720538777.881006) can0 425#0000
(1720538777.881123) can0 080#3D07
(1720538777.891570) can0 425#0000
(1720538777.891704) can0 080#3D07
(1720538777.900985) can0 425#0000
(1720538777.901123) can0 080#3C07
(1720538777.911569) can0 425#0000
(1720538777.911705) can0 080#3C07
(1720538777.921007) can0 425#0000
(1720538777.921124) can0 080#3E07
(1720538777.931580) can0 425#0000
(1720538777.931705) can0 080#3E07
(1720538777.940992) can0 425#0000
(1720538777.941124) can0 080#3D07
(1720538777.951541) can0 425#0000
(1720538777.951705) can0 080#3D07
(1720538777.960983) can0 425#0000
(1720538777.961125) can0 080#3D07
(1720538777.971542) can0 425#0000
(1720538777.971666) can0 080#3D07
(1720538777.980988) can0 425#0000
(1720538777.981125) can0 080#3D07
(1720538777.991610) can0 425#0000
(1720538777.991708) can0 080#3D07
(1720538778.000988) can0 425#0000
(1720538778.001126) can0 080#3D07
(1720538778.011577) can0 425#0000
(1720538778.011707) can0 080#3D07
(1720538778.021061) can0 425#0000
(1720538778.021103) can0 080#3D07
(1720538778.031547) can0 425#0000
(1720538778.031707) can0 080#3D07
(1720538778.041010) can0 425#0000
(1720538778.041126) can0 080#3D07
(1720538778.051541) can0 425#0000
(1720538778.051708) can0 080#3D07
(1720538778.060988) can0 425#0000
(1720538778.061127) can0 080#3807
(1720538778.071541) can0 425#0000
(1720538778.071709) can0 080#3807
(1720538778.081043) can0 425#0000
(1720538778.081101) can0 080#3C07
(1720538778.091549) can0 425#0000
(1720538778.091709) can0 080#3C07
(1720538778.100993) can0 425#0000
(1720538778.101128) can0 080#3E07
(1720538778.111542) can0 425#0000
(1720538778.111709) can0 080#3E07
(1720538778.120989) can0 425#0000
(1720538778.121128) can0 080#3D07
(1720538778.131576) can0 425#0000
(1720538778.131710) can0 080#3D07
(1720538778.140989) can0 425#0000
(1720538778.141129) can0 080#3D07
(1720538778.151541) can0 425#0000
(1720538778.151710) can0 080#3D07
(1720538778.160988) can0 425#0000
(1720538778.161129) can0 080#3E07
(1720538778.171543) can0 425#0000
(1720538778.171711) can0 080#3E07
(1720538778.180988) can0 425#0000
(1720538778.181129) can0 080#3D07
(1720538778.191541) can0 425#0000
(1720538778.191711) can0 080#3D07
(1720538778.201007) can0 425#0000
(1720538778.201130) can0 080#3D07
(1720538778.211548) can0 425#0000
(1720538778.211712) can0 080#3D07
(1720538778.221016) can0 425#0000
(1720538778.221125) can0 080#2C07
(1720538778.231573) can0 425#0000
(1720538778.231712) can0 080#2C07
(1720538778.240989) can0 425#0000
(1720538778.241131) can0 080#3C07
(1720538778.251544) can0 425#0000
(1720538778.251712) can0 080#3C07
(1720538778.261011) can0 425#0000
(1720538778.261132) can0 080#3C07
(1720538778.271546) can0 425#0000
(1720538778.271712) can0 080#3C07
(1720538778.280991) can0 425#0000
(1720538778.281131) can0 080#3D07
(1720538778.291575) can0 425#0000
(1720538778.291712) can0 080#3D07
(1720538778.300995) can0 425#0000
(1720538778.301133) can0 080#3C07
(1720538778.311546) can0 425#0000
(1720538778.311714) can0 080#3C07
(1720538778.320992) can0 425#0000
(1720538778.321133) can0 080#3C07
(1720538778.331587) can0 425#0000
(1720538778.331716) can0 080#3C07
(1720538778.340993) can0 425#0000
(1720538778.341133) can0 080#3D07
(1720538778.351552) can0 425#0000
(1720538778.351714) can0 080#3D07
(1720538778.360993) can0 425#0000
(1720538778.361133) can0 080#3C07
(1720538778.371547) can0 425#0000
(1720538778.371715) can0 080#3C07
(1720538778.381053) can0 425#0000
(1720538778.381104) can0 080#3C07
(1720538778.391548) can0 425#0000
(1720538778.391715) can0 080#3C07
(1720538778.401015) can0 425#0000
(1720538778.401134) can0 080#3B07
(1720538778.411550) can0 425#0000
(1720538778.411716) can0 080#3B07
(1720538778.420997) can0 425#0000
(1720538778.421135) can0 080#3C07
(1720538778.431550) can0 425#0000
(1720538778.431716) can0 080#3C07
(1720538778.441000) can0 425#0000
(1720538778.441136) can0 080#3E07
(1720538778.451581) can0 425#0000
(1720538778.451717) can0 080#3E07
(1720538778.460998) can0 425#0000
(1720538778.461136) can0 080#3C07
(1720538778.471614) can0 425#0000
(1720538778.471718) can0 080#3C07
(1720538778.480998) can0 425#0000
(1720538778.481136) can0 080#3B07
(1720538778.491555) can0 425#0000
(1720538778.491719) can0 080#3B07
(1720538778.500999) can0 425#0000
(1720538778.501136) can0 080#3C07
(1720538778.511638) can0 425#0000
(1720538778.511698) can0 080#3C07
(1720538778.521054) can0 425#0000
(1720538778.521100) can0 080#3D07
(1720538778.531553) can0 425#0000
(1720538778.531718) can0 080#3D07
(1720538778.541036) can0 425#0000
(1720538778.541133) can0 080#3C07
(1720538778.551615) can0 425#0000
(1720538778.551719) can0 080#3C07
(1720538778.561001) can0 425#0000
(1720538778.561138) can0 080#3807
(1720538778.571584) can0 425#0000
(1720538778.571720) can0 080#3807
(1720538778.581036) can0 425#0000
(1720538778.581134) can0 080#3C07
(1720538778.591556) can0 425#0000
(1720538778.591721) can0 080#3C07
(1720538778.601001) can0 425#0000
(1720538778.601139) can0 080#3D07
(1720538778.611585) can0 425#0000
(1720538778.611719) can0 080#3D07
(1720538778.621003) can0 425#0000
(1720538778.621140) can0 080#3E07
(1720538778.631587) can0 425#0000
(1720538778.631725) can0 080#3E07
(1720538778.641004) can0 425#0000
(1720538778.641140) can0 080#3D07
(1720538778.651627) can0 425#0000
(1720538778.651723) can0 080#3D07
(1720538778.661054) can0 425#0000
(1720538778.661128) can0 080#3D07
(1720538778.671623) can0 425#0000
(1720538778.671718) can0 080#3D07
(1720538778.681069) can0 425#0000
(1720538778.681121) can0 080#3E07
(1720538778.691558) can0 425#0000
(1720538778.691723) can0 080#3E07
(1720538778.701023) can0 425#0000
(1720538778.701086) can0 080#3D07
(1720538778.711559) can0 425#0000
(1720538778.711724) can0 080#3D07
(1720538778.721027) can0 425#0000
(1720538778.721140) can0 080#3D07
(1720538778.731559) can0 425#0000
(1720538778.731724) can0 080#3D07
(1720538778.741061) can0 425#0000
(1720538778.741113) can0 080#3D07
(1720538778.751559) can0 425#0000
(1720538778.751724) can0 080#3D07
(1720538778.761026) can0 425#0000
(1720538778.761141) can0 080#3D07
(1720538778.771587) can0 425#0000
(1720538778.771724) can0 080#3D07
(1720538778.781006) can0 425#0000
(1720538778.781144) can0 080#3E07
(1720538778.791590) can0 425#0000
(1720538778.791724) can0 080#3E07
(1720538778.801006) can0 425#0000
(1720538778.801143) can0 080#3E07
(1720538778.811592) can0 425#0000
(1720538778.811724) can0 080#3E07
(1720538778.821058) can0 425#0000
(1720538778.821134) can0 080#3D07
(1720538778.831595) can0 425#0000
(1720538778.831727) can0 080#3D07
(1720538778.841027) can0 425#0000
(1720538778.841068) can0 080#3C07
(1720538778.851566) can0 425#0000
(1720538778.851726) can0 080#3C07
(1720538778.861027) can0 425#0000
(1720538778.861144) can0 080#3D07
(1720538778.871581) can0 425#0000
(1720538778.871726) can0 080#3D07
(1720538778.881040) can0 425#0000
(1720538778.881149) can0 080#3D07
(1720538778.891562) can0 425#0000
(1720538778.891730) can0 080#3D07
(1720538778.901029) can0 425#0000
(1720538778.901145) can0 080#3B07
(1720538778.911612) can0 425#0000
(1720538778.911751) can0 080#3B07
(1720538778.921068) can0 425#0000
(1720538778.921120) can0 080#3E07
(1720538778.931594) can0 425#0000
(1720538778.931727) can0 080#3E07
(1720538778.941011) can0 425#0000
(1720538778.941061) can0 080#3C07
(1720538778.951597) can0 425#0000
(1720538778.951727) can0 080#3C07
(1720538778.961011) can0 425#0000
(1720538778.961147) can0 080#3E07
(1720538778.971595) can0 425#0000
(1720538778.971728) can0 080#3E07
(1720538778.981012) can0 425#0000
(1720538778.981148) can0 080#3E07
(1720538778.991564) can0 425#0000
(1720538778.991728) can0 080#3E07
(1720538779.000982) can0 425#0000
(1720538779.001095) can0 080#3C07
(1720538779.011641) can0 425#0000
(1720538779.011707) can0 080#3C07
(1720538779.021030) can0 425#0000
(1720538779.021147) can0 080#3D07
(1720538779.031596) can0 425#0000
(1720538779.031730) can0 080#3D07
(1720538779.041011) can0 425#0000
(1720538779.041148) can0 080#3E07
(1720538779.051565) can0 425#0000
(1720538779.051730) can0 080#3E07
(1720538779.061014) can0 425#0000
(1720538779.061060) can0 080#3B07
(1720538779.071566) can0 425#0000
(1720538779.071731) can0 080#3B07
(1720538779.081045) can0 425#0000
(1720538779.081098) can0 080#3D07
(1720538779.091627) can0 425#0000
(1720538779.091731) can0 080#3D07
(1720538779.101046) can0 425#0000
(1720538779.101092) can0 080#3C07
(1720538779.111627) can0 425#0000
(1720538779.111732) can0 080#3C07
(1720538779.121014) can0 425#0000
(1720538779.121138) can0 080#3E07
(1720538779.131597) can0 425#0000
(1720538779.131731) can0 080#3E07
(1720538779.140967) can0 425#0000
(1720538779.141138) can0 080#3D07
(1720538779.151596) can0 425#0000
(1720538779.151732) can0 080#3D07
(1720538779.161068) can0 425#0000
(1720538779.161106) can0 080#3C07
(1720538779.171578) can0 425#0000
(1720538779.171732) can0 080#3C07
(1720538779.181014) can0 425#0000
(1720538779.181138) can0 080#3E07
(1720538779.191579) can0 425#0000
(1720538779.191734) can0 080#3E07
(1720538779.201044) can0 425#0000
(1720538779.201078) can0 080#3D07
(1720538779.211599) can0 425#0000
(1720538779.211734) can0 080#3D07
(1720538779.221035) can0 425#0000
(1720538779.221141) can0 080#2E07
(1720538779.231581) can0 425#0000
(1720538779.231735) can0 080#2E07
(1720538779.241064) can0 425#0000
(1720538779.241122) can0 080#3D07
(1720538779.251579) can0 425#0000
(1720538779.251735) can0 080#3D07
(1720538779.261016) can0 425#0000
(1720538779.261230) can0 080#3C07
(1720538779.271596) can0 425#0000
(1720538779.271734) can0 080#3C07
(1720538779.281015) can0 425#0000
(1720538779.281141) can0 080#3E07
(1720538779.291678) can0 425#0000
(1720538779.291712) can0 080#3E07
(1720538779.301014) can0 425#0000
(1720538779.301142) can0 080#3D07
(1720538779.311584) can0 425#0000
(1720538779.311735) can0 080#3D07
(1720538779.320989) can0 425#0000
(1720538779.321090) can0 080#3B07
(1720538779.331632) can0 425#0000
(1720538779.331741) can0 080#3B07
(1720538779.341048) can0 425#0000
(1720538779.341059) can0 080#3D07
(1720538779.351694) can0 425#0000
(1720538779.351704) can0 080#3D07
(1720538779.361015) can0 425#0000
(1720538779.361143) can0 080#3C07
(1720538779.371581) can0 425#0000
(1720538779.371833) can0 080#3C07
(1720538779.381019) can0 425#0000
(1720538779.381062) can0 080#3C07
(1720538779.391582) can0 425#0000
(1720538779.391737) can0 080#3C07
(1720538779.400990) can0 425#0000
(1720538779.401091) can0 080#3D07
(1720538779.411583) can0 425#0000
(1720538779.411738) can0 080#3D07
(1720538779.421018) can0 425#0000
(1720538779.421144) can0 080#3D07
(1720538779.431603) can0 425#0000
(1720538779.431737) can0 080#3D07
(1720538779.441022) can0 425#0000
(1720538779.441145) can0 080#3E07
(1720538779.451582) can0 425#0000
(1720538779.451738) can0 080#3E07
(1720538779.460973) can0 425#0000
(1720538779.461093) can0 080#3C07
(1720538779.471638) can0 425#0000
(1720538779.471736) can0 080#3C07
(1720538779.481020) can0 425#0000
(1720538779.481146) can0 080#3E07
(1720538779.491603) can0 425#0000
(1720538779.491739) can0 080#3E07
(1720538779.501051) can0 425#0000
(1720538779.501080) can0 080#3D07
(1720538779.511583) can0 425#0000
(1720538779.511739) can0 080#3D07
(1720538779.521023) can0 425#0000
(1720538779.521068) can0 080#3D07
(1720538779.531582) can0 425#0000
(1720538779.531769) can0 080#3D07
(1720538779.540973) can0 425#0000
(1720538779.541094) can0 080#3D07
(1720538779.551602) can0 425#0000
(1720538779.551740) can0 080#3D07
(1720538779.560971) can0 425#0000
(1720538779.561094) can0 080#3607
(1720538779.571586) can0 425#0000
(1720538779.571749) can0 080#3607
(1720538779.580973) can0 425#0000
(1720538779.581095) can0 080#3A07
(1720538779.591584) can0 425#0000
(1720538779.591740) can0 080#3A07
(1720538779.600972) can0 425#0000
(1720538779.601149) can0 080#3E07
(1720538779.611584) can0 425#0000
(1720538779.611741) can0 080#3E07
(1720538779.620975) can0 425#0000
(1720538779.621150) can0 080#3F07
(1720538779.631585) can0 425#0000
(1720538779.631742) can0 080#3F07
(1720538779.640972) can0 425#0000
(1720538779.641149) can0 080#3D07
(1720538779.651585) can0 425#0000
(1720538779.651742) can0 080#3D07
(1720538779.660975) can0 425#0000
(1720538779.661097) can0 080#3C07
(1720538779.671584) can0 425#0000
(1720538779.671743) can0 080#3C07
(1720538779.680974) can0 425#0000
(1720538779.681097) can0 080#3C07
(1720538779.691587) can0 425#0000
(1720538779.691743) can0 080#3C07
(1720538779.700996) can0 425#0000
(1720538779.701150) can0 080#3D07
(1720538779.711588) can0 425#0000
(1720538779.711743) can0 080#3D07
(1720538779.720976) can0 425#0000
(1720538779.721098) can0 080#3C07
(1720538779.731606) can0 425#0000
(1720538779.731745) can0 080#3C07
(1720538779.740974) can0 425#0000
(1720538779.741098) can0 080#3C07
(1720538779.751585) can0 425#0000
(1720538779.751745) can0 080#3C07
(1720538779.760996) can0 425#0000
(1720538779.761099) can0 080#3D07
(1720538779.771558) can0 425#0000
(1720538779.771744) can0 080#3D07
(1720538779.780996) can0 425#0000
(1720538779.781099) can0 080#3D07
(1720538779.791610) can0 425#0000
(1720538779.791745) can0 080#3D07
(1720538779.800976) can0 425#0000
(1720538779.801103) can0 080#3C07
(1720538779.811605) can0 425#0000
(1720538779.811746) can0 080#3C07
(1720538779.820999) can0 425#0000
(1720538779.821153) can0 080#3E07
(1720538779.831613) can0 425#0000
(1720538779.831746) can0 080#3E07
(1720538779.840979) can0 425#0000
(1720538779.841155) can0 080#3E07
(1720538779.851591) can0 425#0000
(1720538779.851746) can0 080#3E07
(1720538779.860998) can0 425#0000
(1720538779.861101) can0 080#3C07
(1720538779.871616) can0 425#0000
(1720538779.871747) can0 080#3C07
(1720538779.881005) can0 425#0000
(1720538779.881102) can0 080#3C07
(1720538779.891590) can0 425#0000
(1720538779.891747) can0 080#3C07
(1720538779.901002) can0 425#0000
(1720538779.901101) can0 080#3C07
(1720538779.911608) can0 425#0000
(1720538779.911748) can0 080#3C07
(1720538779.920980) can0 425#0000
(1720538779.921154) can0 080#3D07
(1720538779.931592) can0 425#0000
(1720538779.931748) can0 080#3D07
(1720538779.941001) can0 425#0000
(1720538779.941103) can0 080#3C07
(1720538779.951589) can0 425#0000
(1720538779.951749) can0 080#3C07
(1720538779.961003) can0 425#0000
(1720538779.961156) can0 080#3D07
(1720538779.971610) can0 425#0000
(1720538779.971749) can0 080#3D07
(1720538779.980983) can0 425#0000
(1720538779.981104) can0 080#3D07
(1720538779.991616) can0 425#0000
(1720538779.991750) can0 080#3D07
(1720538780.000999) can0 425#0000
(1720538780.001104) can0 080#3B07
(1720538780.011595) can0 425#0000
(1720538780.011749) can0 080#3B07
(1720538780.021001) can0 425#0000
(1720538780.021104) can0 080#3E07
(1720538780.031616) can0 425#0000
(1720538780.031750) can0 080#3E07
(1720538780.041003) can0 425#0000
(1720538780.041105) can0 080#3B07
(1720538780.051595) can0 425#0000
(1720538780.051751) can0 080#3B07
(1720538780.061053) can0 425#0000
(1720538780.061091) can0 080#3907
(1720538780.071612) can0 425#0000
(1720538780.071751) can0 080#3907
(1720538780.081020) can0 425#0000
(1720538780.081143) can0 080#3D07
(1720538780.091593) can0 425#0000
(1720538780.091751) can0 080#3D07
(1720538780.101007) can0 425#0000
(1720538780.101106) can0 080#3D07
(1720538780.111594) can0 425#0000
(1720538780.111752) can0 080#3D07
(1720538780.121014) can0 425#0000
(1720538780.121112) can0 080#3D07
(1720538780.131597) can0 425#0000
(1720538780.131752) can0 080#3D07
(1720538780.140984) can0 425#0000
(1720538780.141107) can0 080#3D07
(1720538780.151612) can0 425#0000
(1720538780.151753) can0 080#3D07
(1720538780.160985) can0 425#0000
(1720538780.161107) can0 080#3C07
(1720538780.171615) can0 425#0000
(1720538780.171753) can0 080#3C07
(1720538780.180986) can0 425#0000
(1720538780.181107) can0 080#3D07
(1720538780.191594) can0 425#0000
(1720538780.191754) can0 080#3D07
(1720538780.200984) can0 425#0000
(1720538780.201108) can0 080#3E07
(1720538780.211613) can0 425#0000
(1720538780.211754) can0 080#3E07
(1720538780.220985) can0 425#0000
(1720538780.221109) can0 080#3207
(1720538780.231595) can0 425#0000
(1720538780.231755) can0 080#3207
(1720538780.240985) can0 425#0000
(1720538780.241109) can0 080#3C07
(1720538780.251616) can0 425#0000
(1720538780.251756) can0 080#3C07
(1720538780.260985) can0 425#0000
(1720538780.261162) can0 080#3E07
(1720538780.271597) can0 425#0000
(1720538780.271756) can0 080#3E07
(1720538780.281008) can0 425#0000
(1720538780.281110) can0 080#3D07
(1720538780.291616) can0 425#0000
(1720538780.291755) can0 080#3D07
(1720538780.301022) can0 425#0000
(1720538780.301110) can0 080#3D07
(1720538780.311618) can0 425#0000
(1720538780.311757) can0 080#3D07
(1720538780.321018) can0 425#0000
(1720538780.321111) can0 080#3E07
(1720538780.331600) can0 425#0000
(1720538780.331757) can0 080#3E07
(1720538780.341010) can0 425#0000
(1720538780.341111) can0 080#3D07
(1720538780.351605) can0 425#0000
(1720538780.351758) can0 080#3D07
(1720538780.360975) can0 425#0000
(1720538780.361124) can0 080#3D07
(1720538780.371599) can0 425#0000
(1720538780.371758) can0 080#3D07
(1720538780.380989) can0 425#0000
(1720538780.381125) can0 080#3E07
(1720538780.391599) can0 425#0000
(1720538780.391758) can0 080#3E07
(1720538780.400983) can0 425#0000
(1720538780.401125) can0 080#3D07
(1720538780.411623) can0 425#0000
(1720538780.411782) can0 080#3D07
(1720538780.420977) can0 425#0000
(1720538780.421177) can0 080#3E07
(1720538780.431604) can0 425#0000
(1720538780.431758) can0 080#3E07
(1720538780.440984) can0 425#0000
(1720538780.441126) can0 080#3B07
(1720538780.451604) can0 425#0000
(1720538780.451760) can0 080#3B07
(1720538780.460981) can0 425#0000
(1720538780.461126) can0 080#3E07
(1720538780.471620) can0 425#0000
(1720538780.471759) can0 080#3E07
(1720538780.480982) can0 425#0000
(1720538780.481178) can0 080#3E07
(1720538780.491623) can0 425#0000
(1720538780.491760) can0 080#3E07
(1720538780.500979) can0 425#0000
(1720538780.501127) can0 080#3E07
(1720538780.511626) can0 425#0000
(1720538780.511760) can0 080#3E07
(1720538780.520986) can0 425#0000
(1720538780.521128) can0 080#3D07
(1720538780.531606) can0 425#0000
(1720538780.531762) can0 080#3D07
(1720538780.541015) can0 425#0000
(1720538780.541128) can0 080#3F07
(1720538780.551603) can0 425#0000
(1720538780.551762) can0 080#3F07
(1720538780.561065) can0 425#0000
(1720538780.561126) can0 080#3407
(1720538780.571626) can0 425#0000
(1720538780.571762) can0 080#3407
(1720538780.581056) can0 425#0000
(1720538780.581125) can0 080#3C07
(1720538780.591625) can0 425#0000
(1720538780.591762) can0 080#3C07
(1720538780.600981) can0 425#0000
(1720538780.601130) can0 080#3C07
(1720538780.611603) can0 425#0000
(1720538780.611762) can0 080#3C07
(1720538780.620985) can0 425#0000
(1720538780.621128) can0 080#3D07
(1720538780.631606) can0 425#0000
(1720538780.631764) can0 080#3D07
(1720538780.640988) can0 425#0000
(1720538780.641130) can0 080#3D07
(1720538780.651607) can0 425#0000
(1720538780.651763) can0 080#3D07
(1720538780.660982) can0 425#0000
(1720538780.661132) can0 080#3E07
(1720538780.671610) can0 425#0000
(1720538780.671764) can0 080#3E07
(1720538780.680987) can0 425#0000
(1720538780.681131) can0 080#3F07
(1720538780.691607) can0 425#0000
(1720538780.691765) can0 080#3F07
(1720538780.700987) can0 425#0000
(1720538780.701132) can0 080#3D07
(1720538780.711609) can0 425#0000
(1720538780.711765) can0 080#3D07
(1720538780.720989) can0 425#0000
(1720538780.721132) can0 080#3D07
(1720538780.731609) can0 425#0000
(1720538780.731765) can0 080#3D07
(1720538780.740986) can0 425#0000
(1720538780.741119) can0 080#3D07
(1720538780.751621) can0 425#0000
(1720538780.751765) can0 080#3D07
(1720538780.760989) can0 425#0000
(1720538780.761133) can0 080#3D07
(1720538780.771628) can0 425#0000
(1720538780.771766) can0 080#3D07
(1720538780.780987) can0 425#0000
(1720538780.781133) can0 080#3C07
(1720538780.791642) can0 425#0000
(1720538780.791767) can0 080#3C07
(1720538780.800989) can0 425#0000
(1720538780.801133) can0 080#3E07
(1720538780.811627) can0 425#0000
(1720538780.811767) can0 080#3E07
(1720538780.820987) can0 425#0000
(1720538780.821133) can0 080#3D07
(1720538780.831616) can0 425#0000
(1720538780.831769) can0 080#3D07
(1720538780.841019) can0 425#0000
(1720538780.841134) can0 080#3D07
(1720538780.851650) can0 425#0000
(1720538780.851768) can0 080#3D07
(1720538780.860997) can0 425#0000
(1720538780.861135) can0 080#3D07
(1720538780.871611) can0 425#0000
(1720538780.871768) can0 080#3D07
(1720538780.880992) can0 425#0000
(1720538780.881135) can0 080#3B07
(1720538780.891614) can0 425#0000
(1720538780.891769) can0 080#3B07
(1720538780.901028) can0 425#0000
(1720538780.901137) can0 080#3D07
(1720538780.911739) can0 425#0000
(1720538780.911785) can0 080#3D07
(1720538780.921027) can0 425#0000
(1720538780.921137) can0 080#3C07
(1720538780.931614) can0 425#0000
(1720538780.931770) can0 080#3C07
(1720538780.941058) can0 425#0000
(1720538780.941106) can0 080#3D07
(1720538780.951683) can0 425#0000
(1720538780.951770) can0 080#3D07
(1720538780.960997) can0 425#0000
(1720538780.961138) can0 080#3E07
(1720538780.971710) can0 425#0000
(1720538780.971745) can0 080#3E07
(1720538780.981016) can0 425#0000
(1720538780.981138) can0 080#3D07
(1720538780.991718) can0 425#0000
(1720538780.991756) can0 080#3D07
(1720538781.001063) can0 425#0000
(1720538781.001220) can0 080#3D07
(1720538781.011698) can0 425#0000
(1720538781.011857) can0 080#3D07
(1720538781.021029) can0 425#0000
(1720538781.021138) can0 080#3D07
(1720538781.031636) can0 425#0000
(1720538781.031772) can0 080#3D07
(1720538781.040999) can0 425#0000
(1720538781.041139) can0 080#3D07
(1720538781.051622) can0 425#0000
(1720538781.051773) can0 080#3D07
(1720538781.061063) can0 425#0000
(1720538781.061115) can0 080#3B07
(1720538781.071619) can0 425#0000
(1720538781.071773) can0 080#3B07
(1720538781.081102) can0 425#0000
(1720538781.081140) can0 080#3D07
(1720538781.091655) can0 425#0000
(1720538781.091774) can0 080#3D07
(1720538781.100997) can0 425#0000
(1720538781.101140) can0 080#3D07
(1720538781.111597) can0 425#0000
(1720538781.111774) can0 080#3D07
(1720538781.121000) can0 425#0000
(1720538781.121141) can0 080#3D07
(1720538781.131653) can0 425#0000
(1720538781.131775) can0 080#3D07
(1720538781.141092) can0 425#0000
(1720538781.141139) can0 080#3D07
(1720538781.151646) can0 425#0000
(1720538781.151774) can0 080#3D07
(1720538781.161033) can0 425#0000
(1720538781.161140) can0 080#3E07
(1720538781.171591) can0 425#0000
(1720538781.171776) can0 080#3E07
(1720538781.181001) can0 425#0000
(1720538781.181141) can0 080#3D07
(1720538781.191637) can0 425#0000
(1720538781.191775) can0 080#3D07
(1720538781.201000) can0 425#0000
(1720538781.201142) can0 080#3D07
(1720538781.211639) can0 425#0000
(1720538781.211776) can0 080#3D07
(1720538781.220998) can0 425#0000
(1720538781.221142) can0 080#3407
(1720538781.231622) can0 425#0000
(1720538781.231776) can0 080#3407
(1720538781.240999) can0 425#0000
(1720538781.241143) can0 080#3D07
(1720538781.251621) can0 425#0000
(1720538781.251776) can0 080#3D07
(1720538781.260997) can0 425#0000
(1720538781.261143) can0 080#3D07
(1720538781.271573) can0 425#0000
(1720538781.271707) can0 080#3D07
(1720538781.280998) can0 425#0000
(1720538781.281144) can0 080#3D07
(1720538781.291640) can0 425#0000
(1720538781.291777) can0 080#3D07
(1720538781.301048) can0 425#0000
(1720538781.301196) can0 080#3D07
(1720538781.311637) can0 425#0000
(1720538781.311778) can0 080#3D07
(1720538781.321030) can0 425#0000
(1720538781.321144) can0 080#3C07
(1720538781.331647) can0 425#0000
(1720538781.331779) can0 080#3C07
(1720538781.341034) can0 425#0000
(1720538781.341145) can0 080#3D07
(1720538781.351620) can0 425#0000
(1720538781.351778) can0 080#3D07
(1720538781.361006) can0 425#0000
(1720538781.361145) can0 080#3C07
(1720538781.371575) can0 425#0000
(1720538781.371779) can0 080#3C07
(1720538781.381032) can0 425#0000
(1720538781.381146) can0 080#3D07
(1720538781.391621) can0 425#0000
(1720538781.391780) can0 080#3D07
(1720538781.401000) can0 425#0000
(1720538781.401146) can0 080#3D07
(1720538781.411593) can0 425#0000
(1720538781.411780) can0 080#3D07
(1720538781.421007) can0 425#0000
(1720538781.421147) can0 080#3D07
(1720538781.431598) can0 425#0000
(1720538781.431711) can0 080#3D07
(1720538781.441000) can0 425#0000
(1720538781.441146) can0 080#3E07
(1720538781.451649) can0 425#0000
(1720538781.451780) can0 080#3E07
(1720538781.461003) can0 425#0000
(1720538781.461147) can0 080#3D07
(1720538781.471602) can0 425#0000
(1720538781.471784) can0 080#3D07
(1720538781.481041) can0 425#0000
(1720538781.481149) can0 080#3D07
(1720538781.491605) can0 425#0000
(1720538781.491782) can0 080#3D07
(1720538781.501002) can0 425#0000
(1720538781.501148) can0 080#3E07
(1720538781.511628) can0 425#0000
(1720538781.511785) can0 080#3E07
(1720538781.521004) can0 425#0000
(1720538781.521149) can0 080#3C07
(1720538781.531598) can0 425#0000
(1720538781.531782) can0 080#3C07
(1720538781.541038) can0 425#0000
(1720538781.541149) can0 080#3D07
(1720538781.551600) can0 425#0000
(1720538781.551782) can0 080#3D07
(1720538781.561009) can0 425#0000
(1720538781.561139) can0 080#3107
(1720538781.571631) can0 425#0000
(1720538781.571783) can0 080#3107
(1720538781.581047) can0 425#0000
(1720538781.581156) can0 080#3E07
(1720538781.591636) can0 425#0000
(1720538781.591784) can0 080#3E07
(1720538781.601036) can0 425#0000
(1720538781.601151) can0 080#3D07
(1720538781.611605) can0 425#0000
(1720538781.611784) can0 080#3D07
(1720538781.621007) can0 425#0000
(1720538781.621153) can0 080#3D07
(1720538781.631581) can0 425#0000
(1720538781.631772) can0 080#3D07
(1720538781.641047) can0 425#0000
(1720538781.641158) can0 080#3D07
(1720538781.651583) can0 425#0000
(1720538781.651715) can0 080#3D07
(1720538781.661037) can0 425#0000
(1720538781.661152) can0 080#3D07
(1720538781.671586) can0 425#0000
(1720538781.671774) can0 080#3D07
(1720538781.681019) can0 425#0000
(1720538781.681153) can0 080#3D07
(1720538781.691630) can0 425#0000
(1720538781.691774) can0 080#3D07
(1720538781.701019) can0 425#0000
(1720538781.701152) can0 080#3C07
(1720538781.711602) can0 425#0000
(1720538781.711774) can0 080#3C07
(1720538781.721020) can0 425#0000
(1720538781.721155) can0 080#3C07
(1720538781.731651) can0 425#0000
(1720538781.731774) can0 080#3C07
(1720538781.741022) can0 425#0000
(1720538781.741157) can0 080#3D07
(1720538781.751589) can0 425#0000
(1720538781.751775) can0 080#3D07
(1720538781.761022) can0 425#0000
(1720538781.761153) can0 080#3D07
(1720538781.771585) can0 425#0000
(1720538781.771775) can0 080#3D07
(1720538781.781024) can0 425#0000
(1720538781.781154) can0 080#3E07
(1720538781.791631) can0 425#0000
(1720538781.791775) can0 080#3E07
(1720538781.801039) can0 425#0000
(1720538781.801155) can0 080#3D07
(1720538781.811652) can0 425#0000
(1720538781.811776) can0 080#3D07
(1720538781.821041) can0 425#0000
(1720538781.821155) can0 080#3D07
(1720538781.831617) can0 425#0000
(1720538781.831778) can0 080#3D07
(1720538781.841045) can0 425#0000
(1720538781.841155) can0 080#3D07
(1720538781.851633) can0 425#0000
(1720538781.851780) can0 080#3D07
(1720538781.861043) can0 425#0000
(1720538781.861156) can0 080#3E07
(1720538781.871656) can0 425#0000
(1720538781.871778) can0 080#3E07
(1720538781.881046) can0 425#0000
(1720538781.881157) can0 080#3D07
(1720538781.891652) can0 425#0000
(1720538781.891778) can0 080#3D07
(1720538781.901049) can0 425#0000
(1720538781.901158) can0 080#3B07
(1720538781.911586) can0 425#0000
(1720538781.911778) can0 080#3B07
(1720538781.921056) can0 425#0000
(1720538781.921158) can0 080#3D07
(1720538781.931655) can0 425#0000
(1720538781.931778) can0 080#3D07
(1720538781.941028) can0 425#0000
(1720538781.941158) can0 080#3D07
(1720538781.951589) can0 425#0000
(1720538781.951779) can0 080#3D07
(1720538781.961026) can0 425#0000
(1720538781.961159) can0 080#3C07
(1720538781.971591) can0 425#0000
(1720538781.971780) can0 080#3C07
(1720538781.981031) can0 425#0000
(1720538781.981190) can0 080#3F07
(1720538781.991590) can0 425#0000
(1720538781.991780) can0 080#3F07
(1720538782.001060) can0 425#0000
(1720538782.001159) can0 080#3F07
(1720538782.011677) can0 425#0000
(1720538782.011781) can0 080#3F07
(1720538782.021026) can0 425#0000
(1720538782.021147) can0 080#3C07
(1720538782.031590) can0 425#0000
(1720538782.031781) can0 080#3C07
(1720538782.041050) can0 425#0000
(1720538782.041160) can0 080#3D07
(1720538782.051662) can0 425#0000
(1720538782.051781) can0 080#3D07
(1720538782.061028) can0 425#0000
(1720538782.061161) can0 080#3D07
(1720538782.071638) can0 425#0000
(1720538782.071782) can0 080#3D07
(1720538782.081053) can0 425#0000
(1720538782.081161) can0 080#3D07
(1720538782.091612) can0 425#0000
(1720538782.091783) can0 080#3D07
(1720538782.101025) can0 425#0000
(1720538782.101162) can0 080#3C07
(1720538782.111589) can0 425#0000
(1720538782.111783) can0 080#3C07
(1720538782.121026) can0 425#0000
(1720538782.121162) can0 080#3D07
(1720538782.131636) can0 425#0000
(1720538782.131783) can0 080#3D07
(1720538782.141047) can0 425#0000
(1720538782.141162) can0 080#3C07
(1720538782.151595) can0 425#0000
(1720538782.151784) can0 080#3C07
(1720538782.161030) can0 425#0000
(1720538782.161162) can0 080#3B07
(1720538782.171611) can0 425#0000
(1720538782.171784) can0 080#3B07
(1720538782.181048) can0 425#0000
(1720538782.181162) can0 080#3D07
(1720538782.191617) can0 425#0000
(1720538782.191715) can0 080#3D07
(1720538782.201053) can0 425#0000
(1720538782.201164) can0 080#3D07
(1720538782.211616) can0 425#0000
(1720538782.211785) can0 080#3D07
(1720538782.221049) can0 425#0000
(1720538782.221167) can0 080#3807
(1720538782.231599) can0 425#0000
(1720538782.231785) can0 080#3807
(1720538782.241066) can0 425#0000
(1720538782.241162) can0 080#3C07
(1720538782.251632) can0 425#0000
(1720538782.251785) can0 080#3C07
(1720538782.261031) can0 425#0000
(1720538782.261165) can0 080#3D07
(1720538782.271640) can0 425#0000
(1720538782.271786) can0 080#3D07
(1720538782.281050) can0 425#0000
(1720538782.281165) can0 080#3E07
(1720538782.291596) can0 425#0000
(1720538782.291786) can0 080#3E07
(1720538782.301034) can0 425#0000
(1720538782.301166) can0 080#3C07
(1720538782.311613) can0 425#0000
(1720538782.311787) can0 080#3C07
(1720538782.321052) can0 425#0000
(1720538782.321166) can0 080#3D07
(1720538782.331617) can0 425#0000
(1720538782.331788) can0 080#3D07
(1720538782.341033) can0 425#0000
(1720538782.341167) can0 080#3C07
(1720538782.351616) can0 425#0000
(1720538782.351719) can0 080#3C07
(1720538782.361031) can0 425#0000
(1720538782.361167) can0 080#3D07
(1720538782.371615) can0 425#0000
(1720538782.371788) can0 080#3D07
(1720538782.381030) can0 425#0000
(1720538782.381167) can0 080#3C07
(1720538782.391594) can0 425#0000
(1720538782.391788) can0 080#3C07
(1720538782.401034) can0 425#0000
(1720538782.401168) can0 080#3E07
(1720538782.411557) can0 425#0000
(1720538782.411789) can0 080#3E07
(1720538782.421049) can0 425#0000
(1720538782.421168) can0 080#3D07
(1720538782.431698) can0 425#0000
(1720538782.431790) can0 080#3D07
(1720538782.441038) can0 425#0000
(1720538782.441168) can0 080#3D07
(1720538782.451619) can0 425#0000
(1720538782.451721) can0 080#3D07
(1720538782.461060) can0 425#0000
(1720538782.461170) can0 080#3C07
(1720538782.471677) can0 425#0000
(1720538782.471878) can0 080#3C07
(1720538782.481037) can0 425#0000
(1720538782.481171) can0 080#3D07
(1720538782.491662) can0 425#0000
(1720538782.491862) can0 080#3D07
(1720538782.501138) can0 425#0000
(1720538782.501146) can0 080#3E07
(1720538782.511685) can0 425#0000
(1720538782.511885) can0 080#3E07
(1720538782.521036) can0 425#0000
(1720538782.521172) can0 080#3E07
(1720538782.531691) can0 425#0000
(1720538782.531883) can0 080#3E07
(1720538782.541035) can0 425#0000
(1720538782.541170) can0 080#3D07
(1720538782.551604) can0 425#0000
(1720538782.551793) can0 080#3D07
(1720538782.561036) can0 425#0000
(1720538782.561173) can0 080#3107
(1720538782.571601) can0 425#0000
(1720538782.571795) can0 080#3107
(1720538782.581121) can0 425#0000
(1720538782.581130) can0 080#3D07
(1720538782.591602) can0 425#0000
(1720538782.591726) can0 080#3D07
(1720538782.601060) can0 425#0000
(1720538782.601172) can0 080#3E07
(1720538782.611694) can0 425#0000
(1720538782.611793) can0 080#3E07
(1720538782.621041) can0 425#0000
(1720538782.621173) can0 080#3E07
(1720538782.631603) can0 425#0000
(1720538782.631793) can0 080#3E07
(1720538782.641038) can0 425#0000
(1720538782.641174) can0 080#3C07
(1720538782.651680) can0 425#0000
(1720538782.651912) can0 080#3C07
(1720538782.661071) can0 425#0000
(1720538782.661179) can0 080#3C07
(1720538782.671681) can0 425#0000
(1720538782.671795) can0 080#3C07
(1720538782.681121) can0 425#0000
(1720538782.681130) can0 080#3D07
(1720538782.691607) can0 425#0000
(1720538782.691727) can0 080#3D07
(1720538782.701132) can0 425#0000
(1720538782.701134) can0 080#3D07
(1720538782.711702) can0 425#0000
(1720538782.711796) can0 080#3D07
(1720538782.721147) can0 425#0000
(1720538782.721176) can0 080#3D07
(1720538782.731606) can0 425#0000
(1720538782.731797) can0 080#3D07
(1720538782.741061) can0 425#0000
(1720538782.741256) can0 080#3E07
(1720538782.751686) can0 425#0000
(1720538782.751801) can0 080#3E07
(1720538782.761143) can0 425#0000
(1720538782.761146) can0 080#3C07
(1720538782.771695) can0 425#0000
(1720538782.771796) can0 080#3C07
(1720538782.781066) can0 425#0000
(1720538782.781176) can0 080#3D07
(1720538782.791693) can0 425#0000
(1720538782.791706) can0 080#3D07
(1720538782.801067) can0 425#0000
(1720538782.801178) can0 080#3D07
(1720538782.811691) can0 425#0000
(1720538782.811878) can0 080#3D07
(1720538782.821121) can0 425#0000
(1720538782.821165) can0 080#3C07
(1720538782.831670) can0 425#0000
(1720538782.831798) can0 080#3C07
(1720538782.841121) can0 425#0000
(1720538782.841152) can0 080#3D07
(1720538782.851631) can0 425#0000
(1720538782.851798) can0 080#3D07
(1720538782.861127) can0 425#0000
(1720538782.861160) can0 080#3D07
(1720538782.871711) can0 425#0000
(1720538782.871884) can0 080#3D07
(1720538782.881117) can0 425#0000
(1720538782.881181) can0 080#3D07
(1720538782.891610) can0 425#0000
(1720538782.891730) can0 080#3D07
(1720538782.901120) can0 425#0000
(1720538782.901275) can0 080#3907
(1720538782.911595) can0 425#0000
(1720538782.911873) can0 080#3907
(1720538782.921120) can0 425#0000
(1720538782.921168) can0 080#3C07
(1720538782.931631) can0 425#0000
(1720538782.931813) can0 080#3C07
(1720538782.941047) can0 425#0000
(1720538782.941179) can0 080#3D07
(1720538782.951632) can0 425#0000
(1720538782.951812) can0 080#3D07
(1720538782.961047) can0 425#0000
(1720538782.961180) can0 080#3D07
(1720538782.971690) can0 425#0000
(1720538782.971701) can0 080#3D07
(1720538782.981187) can0 425#0000
(1720538782.981247) can0 080#3C07
(1720538782.991632) can0 425#0000
(1720538782.991744) can0 080#3C07
(1720538783.001045) can0 425#0000
(1720538783.001180) can0 080#3C07
(1720538783.011598) can0 425#0000
(1720538783.011814) can0 080#3C07
(1720538783.021065) can0 425#0000
(1720538783.021182) can0 080#3D07
(1720538783.031599) can0 425#0000
(1720538783.031815) can0 080#3D07
(1720538783.041049) can0 425#0000
(1720538783.041181) can0 080#3C07
(1720538783.051605) can0 425#0000
(1720538783.051815) can0 080#3C07
(1720538783.061069) can0 425#0000
(1720538783.061181) can0 080#3907
(1720538783.071601) can0 425#0000
(1720538783.071747) can0 080#3907
(1720538783.081099) can0 425#0000
(1720538783.081182) can0 080#3E07
(1720538783.091600) can0 425#0000
(1720538783.091817) can0 080#3E07
(1720538783.101066) can0 425#0000
(1720538783.101183) can0 080#3C07
(1720538783.111605) can0 425#0000
(1720538783.111815) can0 080#3C07
(1720538783.121068) can0 425#0000
(1720538783.121183) can0 080#3C07
(1720538783.131600) can0 425#0000
(1720538783.131748) can0 080#3C07
(1720538783.141047) can0 425#0000
(1720538783.141185) can0 080#3D07
(1720538783.151602) can0 425#0000
(1720538783.151818) can0 080#3D07
(1720538783.161067) can0 425#0000
(1720538783.161184) can0 080#3C07
(1720538783.171607) can0 425#0000
(1720538783.171817) can0 080#3C07
(1720538783.181048) can0 425#0000
(1720538783.181184) can0 080#3D07
(1720538783.191607) can0 425#0000
(1720538783.191818) can0 080#3D07
(1720538783.201090) can0 425#0000
(1720538783.201184) can0 080#3D07
(1720538783.211607) can0 425#0000
(1720538783.211852) can0 080#3D07
(1720538783.221052) can0 425#0000
(1720538783.221185) can0 080#3C07
(1720538783.231601) can0 425#0000
(1720538783.231818) can0 080#3C07
(1720538783.241068) can0 425#0000
(1720538783.241185) can0 080#3C07
